<?xml version="1.0" encoding="UTF-8"?>
<!-- Generated by org.testng.reporters.JUnitReportReporter -->
<testsuite skipped="0" hostname="wiznis-MacBook-Pro.local" name="LOS_testCases.LoginTest" tests="1" failures="0" timestamp="2019-10-07T17:43:30 IST" time="22.078" errors="0">
  <testcase name="init" time="22.078" classname="LOS_testCases.LoginTest"/>
</testsuite> <!-- LOS_testCases.LoginTest -->
